<?xml version="1.0" encoding="UTF-8"?>
<testsuite xmlns:xsi="http://www.w3.org/2001/XMLSchema-instance" xsi:noNamespaceSchemaLocation="https://maven.apache.org/surefire/maven-surefire-plugin/xsd/surefire-test-report-3.0.xsd" version="3.0" name="TestCases" time="59.418" tests="3" errors="0" skipped="0" failures="0">
  <properties>
[...]
</properties>
  <testcase name="test1" classname="TestCases" time="0.2">
    <system-out><![CDATA[The title of the home page isIT certifications training for professionals | TechCanvass
]]></system-out>
    <system-err><![CDATA[SLF4J: No SLF4J providers were found.
SLF4J: Defaulting to no-operation (NOP) logger implementation
SLF4J: See https://www.slf4j.org/codes.html#noProviders for further details.
Mar 02, 2024 6:53:16 PM org.openqa.selenium.devtools.CdpVersionFinder findNearestMatch
WARNING: Unable to find an exact match for CDP version 122, returning the closest version; found: 120; Please update to a Selenium version that supports CDP version 122
]]></system-err>
  </testcase>
  <testcase name="test2" classname="TestCases" time="1.049">
    <system-out><![CDATA[ECBA Certification Training
CCBA Certification Training
CBAP Certification Training
CBAP Recertification Course
Agile Analysis Certification Course
CPOA Certification Course
IIBA Data Analytics Training
]]></system-out>
  </testcase>
  <testcase name="test3" classname="TestCases" time="32.739">
    <system-out><![CDATA[2
0
example@gmail.com
example
It seems that your credentials are invalid or your access to LMS has expired. Please contact Techcanvass team on this email address : course-admin@techcanvass.com
]]></system-out>
  </testcase>
</testsuite>