<?xml version="1.0" encoding="UTF-8"?>
<testng-results total="3" passed="3" failed="0" skipped="0">
  <reporter-output>
  </reporter-output>
  <suite started-at="2024-03-02T13:23:05Z" name="Surefire suite" finished-at="2024-03-02T13:24:04Z" duration-ms="58565">
    <groups>
    </groups>
    <test started-at="2024-03-02T13:23:05Z" name="Surefire test" finished-at="2024-03-02T13:24:04Z" duration-ms="58565">
      <class name="TestCases">
        <test-method is-config="true" signature="bt()[pri:0, instance:TestCases@58c1c010]" started-at="2024-03-02T18:53:05Z" name="bt" finished-at="2024-03-02T18:53:23Z" duration-ms="17551" status="PASS">
          <reporter-output>
          </reporter-output>
        </test-method> <!-- bt -->
        <test-method signature="test1()[pri:0, instance:TestCases@58c1c010]" started-at="2024-03-02T18:53:23Z" name="test1" finished-at="2024-03-02T18:53:23Z" duration-ms="163" status="PASS">
          <reporter-output>
          </reporter-output>
        </test-method> <!-- test1 -->
        <test-method signature="test2()[pri:0, instance:TestCases@58c1c010]" started-at="2024-03-02T18:53:23Z" name="test2" finished-at="2024-03-02T18:53:24Z" duration-ms="1113" status="PASS">
          <reporter-output>
          </reporter-output>
        </test-method> <!-- test2 -->
        <test-method signature="test3()[pri:0, instance:TestCases@58c1c010]" started-at="2024-03-02T18:53:24Z" name="test3" finished-at="2024-03-02T18:53:57Z" duration-ms="32739" status="PASS">
          <reporter-output>
          </reporter-output>
        </test-method> <!-- test3 -->
        <test-method is-config="true" signature="at()[pri:0, instance:TestCases@58c1c010]" started-at="2024-03-02T18:53:57Z" name="at" finished-at="2024-03-02T18:54:04Z" duration-ms="6975" status="PASS">
          <reporter-output>
          </reporter-output>
        </test-method> <!-- at -->
      </class> <!-- TestCases -->
    </test> <!-- Surefire test -->
  </suite> <!-- Surefire suite -->
</testng-results>
