<?xml version="1.0" encoding="UTF-8"?>
<testng-results total="3" passed="3" failed="0" skipped="0">
  <reporter-output>
  </reporter-output>
  <suite started-at="2024-03-01T11:43:29Z" name="Default suite" finished-at="2024-03-01T11:43:56Z" duration-ms="27337">
    <groups>
    </groups>
    <test started-at="2024-03-01T11:43:29Z" name="Default test" finished-at="2024-03-01T11:43:56Z" duration-ms="27337">
      <class name="TestCases">
        <test-method is-config="true" signature="bt()[pri:0, instance:TestCases@63f259c3]" started-at="2024-03-01T17:13:29Z" name="bt" finished-at="2024-03-01T17:13:37Z" duration-ms="8177" status="PASS">
          <reporter-output>
          </reporter-output>
        </test-method> <!-- bt -->
        <test-method signature="test1()[pri:0, instance:TestCases@63f259c3]" started-at="2024-03-01T17:13:37Z" name="test1" finished-at="2024-03-01T17:13:37Z" duration-ms="26" status="PASS">
          <reporter-output>
          </reporter-output>
        </test-method> <!-- test1 -->
        <test-method signature="test2()[pri:0, instance:TestCases@63f259c3]" started-at="2024-03-01T17:13:37Z" name="test2" finished-at="2024-03-01T17:13:38Z" duration-ms="413" status="PASS">
          <reporter-output>
          </reporter-output>
        </test-method> <!-- test2 -->
        <test-method signature="test3()[pri:0, instance:TestCases@63f259c3]" started-at="2024-03-01T17:13:38Z" name="test3" finished-at="2024-03-01T17:13:55Z" duration-ms="17692" status="PASS">
          <reporter-output>
          </reporter-output>
        </test-method> <!-- test3 -->
        <test-method is-config="true" signature="at()[pri:0, instance:TestCases@63f259c3]" started-at="2024-03-01T17:13:55Z" name="at" finished-at="2024-03-01T17:13:56Z" duration-ms="1017" status="PASS">
          <reporter-output>
          </reporter-output>
        </test-method> <!-- at -->
      </class> <!-- TestCases -->
    </test> <!-- Default test -->
  </suite> <!-- Default suite -->
</testng-results>
